<?xml version="1.0" encoding="UTF-8"?>
<testng-results skipped="0" failed="0" ignored="0" total="1" passed="1">
  <reporter-output>
  </reporter-output>
  <suite name="Default suite" duration-ms="16479" started-at="2023-01-07T19:35:40Z" finished-at="2023-01-07T19:35:57Z">
    <groups>
    </groups>
    <test name="Default test" duration-ms="16479" started-at="2023-01-07T19:35:40Z" finished-at="2023-01-07T19:35:57Z">
      <class name="test.AddCustomerTest">
        <test-method status="PASS" signature="validCustomerShouldBeAbleToCreateCustomer()[pri:0, instance:test.AddCustomerTest@5136d012]" name="validCustomerShouldBeAbleToCreateCustomer" duration-ms="16417" started-at="2023-01-07T19:35:40Z" finished-at="2023-01-07T19:35:57Z">
          <reporter-output>
          </reporter-output>
        </test-method> <!-- validCustomerShouldBeAbleToCreateCustomer -->
      </class> <!-- test.AddCustomerTest -->
    </test> <!-- Default test -->
  </suite> <!-- Default suite -->
</testng-results>
